mode: set
submission_promotion_api/internal/app/services/promotion_postgres_service.go:22.96,26.2 1 1
submission_promotion_api/internal/app/services/promotion_postgres_service.go:29.98,32.2 1 1
submission_promotion_api/internal/app/services/promotion_postgres_service.go:35.79,37.2 1 1
submission_promotion_api/internal/app/services/promotion_postgres_service.go:40.104,46.2 1 1
submission_promotion_api/internal/app/services/promotion_postgres_service.go:49.111,54.2 1 1
submission_promotion_api/internal/app/services/promotion_postgres_service.go:57.87,62.2 1 1
